2025-02-15 16:51:52 startup archives unpack
2025-02-15 16:51:52 install perl-modules-5.28:all <none> 5.28.1-6+deb10u1
2025-02-15 16:51:52 status half-installed perl-modules-5.28:all 5.28.1-6+deb10u1
2025-02-15 16:51:52 status unpacked perl-modules-5.28:all 5.28.1-6+deb10u1
2025-02-15 16:51:52 upgrade libc6:i386 2.28-10+deb10u3 2.28-10+deb10u4
2025-02-15 16:51:52 status triggers-pending libc-bin:i386 2.28-10+deb10u3
2025-02-15 16:51:52 status half-configured libc6:i386 2.28-10+deb10u3
2025-02-15 16:51:52 status unpacked libc6:i386 2.28-10+deb10u3
2025-02-15 16:51:52 status half-installed libc6:i386 2.28-10+deb10u3
2025-02-15 16:51:53 status unpacked libc6:i386 2.28-10+deb10u4
2025-02-15 16:51:53 startup packages configure
2025-02-15 16:51:53 configure libc6:i386 2.28-10+deb10u4 <none>
2025-02-15 16:51:53 status unpacked libc6:i386 2.28-10+deb10u4
2025-02-15 16:51:53 status half-configured libc6:i386 2.28-10+deb10u4
2025-02-15 16:51:54 status installed libc6:i386 2.28-10+deb10u4
2025-02-15 16:51:54 startup archives unpack
2025-02-15 16:51:54 install libgdbm6:i386 <none> 1.18.1-4
2025-02-15 16:51:54 status half-installed libgdbm6:i386 1.18.1-4
2025-02-15 16:51:54 status unpacked libgdbm6:i386 1.18.1-4
2025-02-15 16:51:54 install libgdbm-compat4:i386 <none> 1.18.1-4
2025-02-15 16:51:54 status half-installed libgdbm-compat4:i386 1.18.1-4
2025-02-15 16:51:54 status unpacked libgdbm-compat4:i386 1.18.1-4
2025-02-15 16:51:54 install libperl5.28:i386 <none> 5.28.1-6+deb10u1
2025-02-15 16:51:54 status half-installed libperl5.28:i386 5.28.1-6+deb10u1
2025-02-15 16:51:54 status unpacked libperl5.28:i386 5.28.1-6+deb10u1
2025-02-15 16:51:54 install perl:i386 <none> 5.28.1-6+deb10u1
2025-02-15 16:51:54 status half-installed perl:i386 5.28.1-6+deb10u1
2025-02-15 16:51:54 status unpacked perl:i386 5.28.1-6+deb10u1
2025-02-15 16:51:54 install liblocale-gettext-perl:i386 <none> 1.07-3+b4
2025-02-15 16:51:54 status half-installed liblocale-gettext-perl:i386 1.07-3+b4
2025-02-15 16:51:54 status unpacked liblocale-gettext-perl:i386 1.07-3+b4
2025-02-15 16:51:54 install libssl1.1:i386 <none> 1.1.1n-0+deb10u6
2025-02-15 16:51:54 status half-installed libssl1.1:i386 1.1.1n-0+deb10u6
2025-02-15 16:51:54 status unpacked libssl1.1:i386 1.1.1n-0+deb10u6
2025-02-15 16:51:54 install libpython3.7-minimal:i386 <none> 3.7.3-2+deb10u7
2025-02-15 16:51:54 status half-installed libpython3.7-minimal:i386 3.7.3-2+deb10u7
2025-02-15 16:51:54 status unpacked libpython3.7-minimal:i386 3.7.3-2+deb10u7
2025-02-15 16:51:54 install libexpat1:i386 <none> 2.2.6-2+deb10u7
2025-02-15 16:51:54 status half-installed libexpat1:i386 2.2.6-2+deb10u7
2025-02-15 16:51:54 status unpacked libexpat1:i386 2.2.6-2+deb10u7
2025-02-15 16:51:54 install python3.7-minimal:i386 <none> 3.7.3-2+deb10u7
2025-02-15 16:51:54 status half-installed python3.7-minimal:i386 3.7.3-2+deb10u7
2025-02-15 16:51:54 status unpacked python3.7-minimal:i386 3.7.3-2+deb10u7
2025-02-15 16:51:54 startup packages configure
2025-02-15 16:51:54 configure libssl1.1:i386 1.1.1n-0+deb10u6 <none>
2025-02-15 16:51:54 status unpacked libssl1.1:i386 1.1.1n-0+deb10u6
2025-02-15 16:51:54 status half-configured libssl1.1:i386 1.1.1n-0+deb10u6
2025-02-15 16:51:54 status installed libssl1.1:i386 1.1.1n-0+deb10u6
2025-02-15 16:51:54 configure libpython3.7-minimal:i386 3.7.3-2+deb10u7 <none>
2025-02-15 16:51:54 status unpacked libpython3.7-minimal:i386 3.7.3-2+deb10u7
2025-02-15 16:51:54 status half-configured libpython3.7-minimal:i386 3.7.3-2+deb10u7
2025-02-15 16:51:54 status installed libpython3.7-minimal:i386 3.7.3-2+deb10u7
2025-02-15 16:51:54 configure libexpat1:i386 2.2.6-2+deb10u7 <none>
2025-02-15 16:51:54 status unpacked libexpat1:i386 2.2.6-2+deb10u7
2025-02-15 16:51:54 status half-configured libexpat1:i386 2.2.6-2+deb10u7
2025-02-15 16:51:54 status installed libexpat1:i386 2.2.6-2+deb10u7
2025-02-15 16:51:54 configure python3.7-minimal:i386 3.7.3-2+deb10u7 <none>
2025-02-15 16:51:54 status unpacked python3.7-minimal:i386 3.7.3-2+deb10u7
2025-02-15 16:51:54 status half-configured python3.7-minimal:i386 3.7.3-2+deb10u7
2025-02-15 16:51:55 status installed python3.7-minimal:i386 3.7.3-2+deb10u7
2025-02-15 16:51:55 startup archives unpack
2025-02-15 16:51:55 install python3-minimal:i386 <none> 3.7.3-1
2025-02-15 16:51:55 status half-installed python3-minimal:i386 3.7.3-1
2025-02-15 16:51:55 status unpacked python3-minimal:i386 3.7.3-1
2025-02-15 16:51:55 install mime-support:all <none> 3.62
2025-02-15 16:51:55 status half-installed mime-support:all 3.62
2025-02-15 16:51:55 status unpacked mime-support:all 3.62
2025-02-15 16:51:55 install libmpdec2:i386 <none> 2.4.2-2
2025-02-15 16:51:55 status half-installed libmpdec2:i386 2.4.2-2
2025-02-15 16:51:55 status unpacked libmpdec2:i386 2.4.2-2
2025-02-15 16:51:55 install readline-common:all <none> 7.0-5
2025-02-15 16:51:55 status half-installed readline-common:all 7.0-5
2025-02-15 16:51:55 status unpacked readline-common:all 7.0-5
2025-02-15 16:51:55 install libreadline7:i386 <none> 7.0-5
2025-02-15 16:51:55 status half-installed libreadline7:i386 7.0-5
2025-02-15 16:51:55 status unpacked libreadline7:i386 7.0-5
2025-02-15 16:51:55 install libsqlite3-0:i386 <none> 3.27.2-3+deb10u2
2025-02-15 16:51:55 status half-installed libsqlite3-0:i386 3.27.2-3+deb10u2
2025-02-15 16:51:55 status unpacked libsqlite3-0:i386 3.27.2-3+deb10u2
2025-02-15 16:51:55 install libpython3.7-stdlib:i386 <none> 3.7.3-2+deb10u7
2025-02-15 16:51:55 status half-installed libpython3.7-stdlib:i386 3.7.3-2+deb10u7
2025-02-15 16:51:55 status unpacked libpython3.7-stdlib:i386 3.7.3-2+deb10u7
2025-02-15 16:51:55 install python3.7:i386 <none> 3.7.3-2+deb10u7
2025-02-15 16:51:55 status half-installed python3.7:i386 3.7.3-2+deb10u7
2025-02-15 16:51:55 status unpacked python3.7:i386 3.7.3-2+deb10u7
2025-02-15 16:51:55 install libpython3-stdlib:i386 <none> 3.7.3-1
2025-02-15 16:51:55 status half-installed libpython3-stdlib:i386 3.7.3-1
2025-02-15 16:51:55 status unpacked libpython3-stdlib:i386 3.7.3-1
2025-02-15 16:51:55 startup packages configure
2025-02-15 16:51:55 configure python3-minimal:i386 3.7.3-1 <none>
2025-02-15 16:51:55 status unpacked python3-minimal:i386 3.7.3-1
2025-02-15 16:51:55 status half-configured python3-minimal:i386 3.7.3-1
2025-02-15 16:51:55 status installed python3-minimal:i386 3.7.3-1
2025-02-15 16:51:55 startup archives unpack
2025-02-15 16:51:55 install python3:i386 <none> 3.7.3-1
2025-02-15 16:51:55 status half-installed python3:i386 3.7.3-1
2025-02-15 16:51:55 status unpacked python3:i386 3.7.3-1
2025-02-15 16:51:55 install netbase:all <none> 5.6
2025-02-15 16:51:55 status half-installed netbase:all 5.6
2025-02-15 16:51:55 status unpacked netbase:all 5.6
2025-02-15 16:51:55 install bzip2:i386 <none> 1.0.6-9.2~deb10u2
2025-02-15 16:51:55 status half-installed bzip2:i386 1.0.6-9.2~deb10u2
2025-02-15 16:51:55 status unpacked bzip2:i386 1.0.6-9.2~deb10u2
2025-02-15 16:51:55 install libapparmor1:i386 <none> 2.13.2-10
2025-02-15 16:51:55 status half-installed libapparmor1:i386 2.13.2-10
2025-02-15 16:51:55 status unpacked libapparmor1:i386 2.13.2-10
2025-02-15 16:51:55 install libdbus-1-3:i386 <none> 1.12.28-0+deb10u1
2025-02-15 16:51:55 status half-installed libdbus-1-3:i386 1.12.28-0+deb10u1
2025-02-15 16:51:55 status unpacked libdbus-1-3:i386 1.12.28-0+deb10u1
2025-02-15 16:51:55 install dbus:i386 <none> 1.12.28-0+deb10u1
2025-02-15 16:51:55 status half-installed dbus:i386 1.12.28-0+deb10u1
2025-02-15 16:51:55 status unpacked dbus:i386 1.12.28-0+deb10u1
2025-02-15 16:51:55 install libmagic-mgc:i386 <none> 1:5.35-4+deb10u2
2025-02-15 16:51:55 status half-installed libmagic-mgc:i386 1:5.35-4+deb10u2
2025-02-15 16:51:55 status unpacked libmagic-mgc:i386 1:5.35-4+deb10u2
2025-02-15 16:51:55 install libmagic1:i386 <none> 1:5.35-4+deb10u2
2025-02-15 16:51:55 status half-installed libmagic1:i386 1:5.35-4+deb10u2
2025-02-15 16:51:55 status unpacked libmagic1:i386 1:5.35-4+deb10u2
2025-02-15 16:51:55 install file:i386 <none> 1:5.35-4+deb10u2
2025-02-15 16:51:55 status half-installed file:i386 1:5.35-4+deb10u2
2025-02-15 16:51:55 status unpacked file:i386 1:5.35-4+deb10u2
2025-02-15 16:51:55 install libicu63:i386 <none> 63.1-6+deb10u3
2025-02-15 16:51:55 status half-installed libicu63:i386 63.1-6+deb10u3
2025-02-15 16:51:56 status unpacked libicu63:i386 63.1-6+deb10u3
2025-02-15 16:51:56 install libxml2:i386 <none> 2.9.4+dfsg1-7+deb10u6
2025-02-15 16:51:56 status half-installed libxml2:i386 2.9.4+dfsg1-7+deb10u6
2025-02-15 16:51:56 status unpacked libxml2:i386 2.9.4+dfsg1-7+deb10u6
2025-02-15 16:51:56 install manpages:all <none> 4.16-2
2025-02-15 16:51:56 status half-installed manpages:all 4.16-2
2025-02-15 16:51:56 status unpacked manpages:all 4.16-2
2025-02-15 16:51:56 install xz-utils:i386 <none> 5.2.4-1+deb10u1
2025-02-15 16:51:56 status half-installed xz-utils:i386 5.2.4-1+deb10u1
2025-02-15 16:51:56 status unpacked xz-utils:i386 5.2.4-1+deb10u1
2025-02-15 16:51:56 install binutils-common:i386 <none> 2.31.1-16
2025-02-15 16:51:56 status half-installed binutils-common:i386 2.31.1-16
2025-02-15 16:51:57 status unpacked binutils-common:i386 2.31.1-16
2025-02-15 16:51:57 install libbinutils:i386 <none> 2.31.1-16
2025-02-15 16:51:57 status half-installed libbinutils:i386 2.31.1-16
2025-02-15 16:51:57 status unpacked libbinutils:i386 2.31.1-16
2025-02-15 16:51:57 install binutils-i686-linux-gnu:i386 <none> 2.31.1-16
2025-02-15 16:51:57 status half-installed binutils-i686-linux-gnu:i386 2.31.1-16
2025-02-15 16:51:57 status unpacked binutils-i686-linux-gnu:i386 2.31.1-16
2025-02-15 16:51:57 install binutils:i386 <none> 2.31.1-16
2025-02-15 16:51:57 status half-installed binutils:i386 2.31.1-16
2025-02-15 16:51:57 status unpacked binutils:i386 2.31.1-16
2025-02-15 16:51:57 install libc-dev-bin:i386 <none> 2.28-10+deb10u4
2025-02-15 16:51:57 status half-installed libc-dev-bin:i386 2.28-10+deb10u4
2025-02-15 16:51:57 status unpacked libc-dev-bin:i386 2.28-10+deb10u4
2025-02-15 16:51:57 install linux-libc-dev:i386 <none> 4.19.316-1
2025-02-15 16:51:57 status half-installed linux-libc-dev:i386 4.19.316-1
2025-02-15 16:51:57 status unpacked linux-libc-dev:i386 4.19.316-1
2025-02-15 16:51:57 install libc6-dev:i386 <none> 2.28-10+deb10u4
2025-02-15 16:51:57 status half-installed libc6-dev:i386 2.28-10+deb10u4
2025-02-15 16:51:58 status unpacked libc6-dev:i386 2.28-10+deb10u4
2025-02-15 16:51:58 install libisl19:i386 <none> 0.20-2
2025-02-15 16:51:58 status half-installed libisl19:i386 0.20-2
2025-02-15 16:51:58 status unpacked libisl19:i386 0.20-2
2025-02-15 16:51:58 install libmpfr6:i386 <none> 4.0.2-1
2025-02-15 16:51:58 status half-installed libmpfr6:i386 4.0.2-1
2025-02-15 16:51:58 status unpacked libmpfr6:i386 4.0.2-1
2025-02-15 16:51:58 install libmpc3:i386 <none> 1.1.0-1
2025-02-15 16:51:58 status half-installed libmpc3:i386 1.1.0-1
2025-02-15 16:51:58 status unpacked libmpc3:i386 1.1.0-1
2025-02-15 16:51:58 install cpp-8:i386 <none> 8.3.0-6
2025-02-15 16:51:58 status half-installed cpp-8:i386 8.3.0-6
2025-02-15 16:51:58 status unpacked cpp-8:i386 8.3.0-6
2025-02-15 16:51:58 install cpp:i386 <none> 4:8.3.0-1
2025-02-15 16:51:58 status half-installed cpp:i386 4:8.3.0-1
2025-02-15 16:51:58 status unpacked cpp:i386 4:8.3.0-1
2025-02-15 16:51:58 install libcc1-0:i386 <none> 8.3.0-6
2025-02-15 16:51:58 status half-installed libcc1-0:i386 8.3.0-6
2025-02-15 16:51:58 status unpacked libcc1-0:i386 8.3.0-6
2025-02-15 16:51:58 install libgomp1:i386 <none> 8.3.0-6
2025-02-15 16:51:58 status half-installed libgomp1:i386 8.3.0-6
2025-02-15 16:51:58 status unpacked libgomp1:i386 8.3.0-6
2025-02-15 16:51:58 install libitm1:i386 <none> 8.3.0-6
2025-02-15 16:51:58 status half-installed libitm1:i386 8.3.0-6
2025-02-15 16:51:58 status unpacked libitm1:i386 8.3.0-6
2025-02-15 16:51:58 install libatomic1:i386 <none> 8.3.0-6
2025-02-15 16:51:58 status half-installed libatomic1:i386 8.3.0-6
2025-02-15 16:51:58 status unpacked libatomic1:i386 8.3.0-6
2025-02-15 16:51:58 install libasan5:i386 <none> 8.3.0-6
2025-02-15 16:51:58 status half-installed libasan5:i386 8.3.0-6
2025-02-15 16:51:58 status unpacked libasan5:i386 8.3.0-6
2025-02-15 16:51:58 install libubsan1:i386 <none> 8.3.0-6
2025-02-15 16:51:58 status half-installed libubsan1:i386 8.3.0-6
2025-02-15 16:51:58 status unpacked libubsan1:i386 8.3.0-6
2025-02-15 16:51:58 install libmpx2:i386 <none> 8.3.0-6
2025-02-15 16:51:58 status half-installed libmpx2:i386 8.3.0-6
2025-02-15 16:51:58 status unpacked libmpx2:i386 8.3.0-6
2025-02-15 16:51:58 install libquadmath0:i386 <none> 8.3.0-6
2025-02-15 16:51:58 status half-installed libquadmath0:i386 8.3.0-6
2025-02-15 16:51:59 status unpacked libquadmath0:i386 8.3.0-6
2025-02-15 16:51:59 install libgcc-8-dev:i386 <none> 8.3.0-6
2025-02-15 16:51:59 status half-installed libgcc-8-dev:i386 8.3.0-6
2025-02-15 16:51:59 status unpacked libgcc-8-dev:i386 8.3.0-6
2025-02-15 16:51:59 install gcc-8:i386 <none> 8.3.0-6
2025-02-15 16:51:59 status half-installed gcc-8:i386 8.3.0-6
2025-02-15 16:51:59 status unpacked gcc-8:i386 8.3.0-6
2025-02-15 16:51:59 install gcc:i386 <none> 4:8.3.0-1
2025-02-15 16:51:59 status half-installed gcc:i386 4:8.3.0-1
2025-02-15 16:51:59 status unpacked gcc:i386 4:8.3.0-1
2025-02-15 16:51:59 install libstdc++-8-dev:i386 <none> 8.3.0-6
2025-02-15 16:51:59 status half-installed libstdc++-8-dev:i386 8.3.0-6
2025-02-15 16:52:00 status unpacked libstdc++-8-dev:i386 8.3.0-6
2025-02-15 16:52:00 install g++-8:i386 <none> 8.3.0-6
2025-02-15 16:52:00 status half-installed g++-8:i386 8.3.0-6
2025-02-15 16:52:00 status unpacked g++-8:i386 8.3.0-6
2025-02-15 16:52:00 install g++:i386 <none> 4:8.3.0-1
2025-02-15 16:52:00 status half-installed g++:i386 4:8.3.0-1
2025-02-15 16:52:00 status unpacked g++:i386 4:8.3.0-1
2025-02-15 16:52:00 install make:i386 <none> 4.2.1-1.2
2025-02-15 16:52:00 status half-installed make:i386 4.2.1-1.2
2025-02-15 16:52:00 status unpacked make:i386 4.2.1-1.2
2025-02-15 16:52:00 install libdpkg-perl:all <none> 1.19.8
2025-02-15 16:52:00 status half-installed libdpkg-perl:all 1.19.8
2025-02-15 16:52:01 status unpacked libdpkg-perl:all 1.19.8
2025-02-15 16:52:01 install patch:i386 <none> 2.7.6-3+deb10u1
2025-02-15 16:52:01 status half-installed patch:i386 2.7.6-3+deb10u1
2025-02-15 16:52:01 status unpacked patch:i386 2.7.6-3+deb10u1
2025-02-15 16:52:01 install dpkg-dev:all <none> 1.19.8
2025-02-15 16:52:01 status half-installed dpkg-dev:all 1.19.8
2025-02-15 16:52:01 status unpacked dpkg-dev:all 1.19.8
2025-02-15 16:52:01 install build-essential:i386 <none> 12.6
2025-02-15 16:52:01 status half-installed build-essential:i386 12.6
2025-02-15 16:52:01 status unpacked build-essential:i386 12.6
2025-02-15 16:52:01 install openssl:i386 <none> 1.1.1n-0+deb10u6
2025-02-15 16:52:01 status half-installed openssl:i386 1.1.1n-0+deb10u6
2025-02-15 16:52:01 status unpacked openssl:i386 1.1.1n-0+deb10u6
2025-02-15 16:52:01 install ca-certificates:all <none> 20200601~deb10u2
2025-02-15 16:52:01 status half-installed ca-certificates:all 20200601~deb10u2
2025-02-15 16:52:01 status unpacked ca-certificates:all 20200601~deb10u2
2025-02-15 16:52:01 install python3-lib2to3:all <none> 3.7.3-1
2025-02-15 16:52:01 status half-installed python3-lib2to3:all 3.7.3-1
2025-02-15 16:52:01 status unpacked python3-lib2to3:all 3.7.3-1
2025-02-15 16:52:01 install python3-distutils:all <none> 3.7.3-1
2025-02-15 16:52:01 status half-installed python3-distutils:all 3.7.3-1
2025-02-15 16:52:01 status unpacked python3-distutils:all 3.7.3-1
2025-02-15 16:52:01 install dh-python:all <none> 3.20190308
2025-02-15 16:52:01 status half-installed dh-python:all 3.20190308
2025-02-15 16:52:01 status unpacked dh-python:all 3.20190308
2025-02-15 16:52:01 install libassuan0:i386 <none> 2.5.2-1
2025-02-15 16:52:01 status half-installed libassuan0:i386 2.5.2-1
2025-02-15 16:52:01 status unpacked libassuan0:i386 2.5.2-1
2025-02-15 16:52:01 install gpgconf:i386 <none> 2.2.12-1+deb10u2
2025-02-15 16:52:01 status half-installed gpgconf:i386 2.2.12-1+deb10u2
2025-02-15 16:52:01 status unpacked gpgconf:i386 2.2.12-1+deb10u2
2025-02-15 16:52:01 install lsb-base:all <none> 10.2019051400
2025-02-15 16:52:01 status half-installed lsb-base:all 10.2019051400
2025-02-15 16:52:01 status unpacked lsb-base:all 10.2019051400
2025-02-15 16:52:01 install libksba8:i386 <none> 1.3.5-2+deb10u2
2025-02-15 16:52:01 status half-installed libksba8:i386 1.3.5-2+deb10u2
2025-02-15 16:52:01 status unpacked libksba8:i386 1.3.5-2+deb10u2
2025-02-15 16:52:01 install libsasl2-modules-db:i386 <none> 2.1.27+dfsg-1+deb10u2
2025-02-15 16:52:01 status half-installed libsasl2-modules-db:i386 2.1.27+dfsg-1+deb10u2
2025-02-15 16:52:01 status unpacked libsasl2-modules-db:i386 2.1.27+dfsg-1+deb10u2
2025-02-15 16:52:01 install libsasl2-2:i386 <none> 2.1.27+dfsg-1+deb10u2
2025-02-15 16:52:01 status half-installed libsasl2-2:i386 2.1.27+dfsg-1+deb10u2
2025-02-15 16:52:01 status unpacked libsasl2-2:i386 2.1.27+dfsg-1+deb10u2
2025-02-15 16:52:01 install libldap-common:all <none> 2.4.47+dfsg-3+deb10u7
2025-02-15 16:52:01 status half-installed libldap-common:all 2.4.47+dfsg-3+deb10u7
2025-02-15 16:52:01 status unpacked libldap-common:all 2.4.47+dfsg-3+deb10u7
2025-02-15 16:52:01 install libldap-2.4-2:i386 <none> 2.4.47+dfsg-3+deb10u7
2025-02-15 16:52:01 status half-installed libldap-2.4-2:i386 2.4.47+dfsg-3+deb10u7
2025-02-15 16:52:01 status unpacked libldap-2.4-2:i386 2.4.47+dfsg-3+deb10u7
2025-02-15 16:52:01 install libnpth0:i386 <none> 1.6-1
2025-02-15 16:52:01 status half-installed libnpth0:i386 1.6-1
2025-02-15 16:52:01 status unpacked libnpth0:i386 1.6-1
2025-02-15 16:52:01 install dirmngr:i386 <none> 2.2.12-1+deb10u2
2025-02-15 16:52:01 status half-installed dirmngr:i386 2.2.12-1+deb10u2
2025-02-15 16:52:01 status unpacked dirmngr:i386 2.2.12-1+deb10u2
2025-02-15 16:52:01 install libfakeroot:i386 <none> 1.23-1
2025-02-15 16:52:01 status half-installed libfakeroot:i386 1.23-1
2025-02-15 16:52:01 status unpacked libfakeroot:i386 1.23-1
2025-02-15 16:52:01 install fakeroot:i386 <none> 1.23-1
2025-02-15 16:52:01 status half-installed fakeroot:i386 1.23-1
2025-02-15 16:52:01 status unpacked fakeroot:i386 1.23-1
2025-02-15 16:52:01 install libglib2.0-0:i386 <none> 2.58.3-2+deb10u6
2025-02-15 16:52:01 status half-installed libglib2.0-0:i386 2.58.3-2+deb10u6
2025-02-15 16:52:01 status unpacked libglib2.0-0:i386 2.58.3-2+deb10u6
2025-02-15 16:52:01 install libgirepository-1.0-1:i386 <none> 1.58.3-2
2025-02-15 16:52:01 status half-installed libgirepository-1.0-1:i386 1.58.3-2
2025-02-15 16:52:01 status unpacked libgirepository-1.0-1:i386 1.58.3-2
2025-02-15 16:52:01 install gir1.2-glib-2.0:i386 <none> 1.58.3-2
2025-02-15 16:52:01 status half-installed gir1.2-glib-2.0:i386 1.58.3-2
2025-02-15 16:52:01 status unpacked gir1.2-glib-2.0:i386 1.58.3-2
2025-02-15 16:52:01 install gnupg-l10n:all <none> 2.2.12-1+deb10u2
2025-02-15 16:52:01 status half-installed gnupg-l10n:all 2.2.12-1+deb10u2
2025-02-15 16:52:01 status unpacked gnupg-l10n:all 2.2.12-1+deb10u2
2025-02-15 16:52:01 install gnupg-utils:i386 <none> 2.2.12-1+deb10u2
2025-02-15 16:52:01 status half-installed gnupg-utils:i386 2.2.12-1+deb10u2
2025-02-15 16:52:01 status unpacked gnupg-utils:i386 2.2.12-1+deb10u2
2025-02-15 16:52:01 install gpg:i386 <none> 2.2.12-1+deb10u2
2025-02-15 16:52:01 status half-installed gpg:i386 2.2.12-1+deb10u2
2025-02-15 16:52:01 status unpacked gpg:i386 2.2.12-1+deb10u2
2025-02-15 16:52:01 install pinentry-curses:i386 <none> 1.1.0-2
2025-02-15 16:52:01 status half-installed pinentry-curses:i386 1.1.0-2
2025-02-15 16:52:01 status unpacked pinentry-curses:i386 1.1.0-2
2025-02-15 16:52:01 install gpg-agent:i386 <none> 2.2.12-1+deb10u2
2025-02-15 16:52:01 status half-installed gpg-agent:i386 2.2.12-1+deb10u2
2025-02-15 16:52:01 status unpacked gpg-agent:i386 2.2.12-1+deb10u2
2025-02-15 16:52:01 install gpg-wks-client:i386 <none> 2.2.12-1+deb10u2
2025-02-15 16:52:01 status half-installed gpg-wks-client:i386 2.2.12-1+deb10u2
2025-02-15 16:52:01 status unpacked gpg-wks-client:i386 2.2.12-1+deb10u2
2025-02-15 16:52:02 install gpg-wks-server:i386 <none> 2.2.12-1+deb10u2
2025-02-15 16:52:02 status half-installed gpg-wks-server:i386 2.2.12-1+deb10u2
2025-02-15 16:52:02 status unpacked gpg-wks-server:i386 2.2.12-1+deb10u2
2025-02-15 16:52:02 install gpgsm:i386 <none> 2.2.12-1+deb10u2
2025-02-15 16:52:02 status half-installed gpgsm:i386 2.2.12-1+deb10u2
2025-02-15 16:52:02 status unpacked gpgsm:i386 2.2.12-1+deb10u2
2025-02-15 16:52:02 install gnupg:all <none> 2.2.12-1+deb10u2
2025-02-15 16:52:02 status half-installed gnupg:all 2.2.12-1+deb10u2
2025-02-15 16:52:02 status unpacked gnupg:all 2.2.12-1+deb10u2
2025-02-15 16:52:02 install libalgorithm-diff-perl:all <none> 1.19.03-2
2025-02-15 16:52:02 status half-installed libalgorithm-diff-perl:all 1.19.03-2
2025-02-15 16:52:02 status unpacked libalgorithm-diff-perl:all 1.19.03-2
2025-02-15 16:52:02 install libalgorithm-diff-xs-perl:i386 <none> 0.04-5+b1
2025-02-15 16:52:02 status half-installed libalgorithm-diff-xs-perl:i386 0.04-5+b1
2025-02-15 16:52:02 status unpacked libalgorithm-diff-xs-perl:i386 0.04-5+b1
2025-02-15 16:52:02 install libalgorithm-merge-perl:all <none> 0.08-3
2025-02-15 16:52:02 status half-installed libalgorithm-merge-perl:all 0.08-3
2025-02-15 16:52:02 status unpacked libalgorithm-merge-perl:all 0.08-3
2025-02-15 16:52:02 install libexpat1-dev:i386 <none> 2.2.6-2+deb10u7
2025-02-15 16:52:02 status half-installed libexpat1-dev:i386 2.2.6-2+deb10u7
2025-02-15 16:52:02 status unpacked libexpat1-dev:i386 2.2.6-2+deb10u7
2025-02-15 16:52:02 install libfile-fcntllock-perl:i386 <none> 0.22-3+b5
2025-02-15 16:52:02 status half-installed libfile-fcntllock-perl:i386 0.22-3+b5
2025-02-15 16:52:02 status unpacked libfile-fcntllock-perl:i386 0.22-3+b5
2025-02-15 16:52:02 install libglib2.0-data:all <none> 2.58.3-2+deb10u6
2025-02-15 16:52:02 status half-installed libglib2.0-data:all 2.58.3-2+deb10u6
2025-02-15 16:52:02 status unpacked libglib2.0-data:all 2.58.3-2+deb10u6
2025-02-15 16:52:02 install libpython3.7:i386 <none> 3.7.3-2+deb10u7
2025-02-15 16:52:02 status half-installed libpython3.7:i386 3.7.3-2+deb10u7
2025-02-15 16:52:02 status unpacked libpython3.7:i386 3.7.3-2+deb10u7
2025-02-15 16:52:02 install libpython3.7-dev:i386 <none> 3.7.3-2+deb10u7
2025-02-15 16:52:02 status half-installed libpython3.7-dev:i386 3.7.3-2+deb10u7
2025-02-15 16:52:05 status unpacked libpython3.7-dev:i386 3.7.3-2+deb10u7
2025-02-15 16:52:05 install libpython3-dev:i386 <none> 3.7.3-1
2025-02-15 16:52:05 status half-installed libpython3-dev:i386 3.7.3-1
2025-02-15 16:52:05 status unpacked libpython3-dev:i386 3.7.3-1
2025-02-15 16:52:05 install libsasl2-modules:i386 <none> 2.1.27+dfsg-1+deb10u2
2025-02-15 16:52:05 status half-installed libsasl2-modules:i386 2.1.27+dfsg-1+deb10u2
2025-02-15 16:52:05 status unpacked libsasl2-modules:i386 2.1.27+dfsg-1+deb10u2
2025-02-15 16:52:05 install manpages-dev:all <none> 4.16-2
2025-02-15 16:52:05 status half-installed manpages-dev:all 4.16-2
2025-02-15 16:52:05 status unpacked manpages-dev:all 4.16-2
2025-02-15 16:52:05 install python-pip-whl:all <none> 18.1-5
2025-02-15 16:52:05 status half-installed python-pip-whl:all 18.1-5
2025-02-15 16:52:05 status unpacked python-pip-whl:all 18.1-5
2025-02-15 16:52:05 install python3-asn1crypto:all <none> 0.24.0-1
2025-02-15 16:52:05 status half-installed python3-asn1crypto:all 0.24.0-1
2025-02-15 16:52:05 status unpacked python3-asn1crypto:all 0.24.0-1
2025-02-15 16:52:05 install python3-cffi-backend:i386 <none> 1.12.2-1
2025-02-15 16:52:05 status half-installed python3-cffi-backend:i386 1.12.2-1
2025-02-15 16:52:05 status unpacked python3-cffi-backend:i386 1.12.2-1
2025-02-15 16:52:05 install python3-crypto:i386 <none> 2.6.1-9+b1
2025-02-15 16:52:05 status half-installed python3-crypto:i386 2.6.1-9+b1
2025-02-15 16:52:05 status unpacked python3-crypto:i386 2.6.1-9+b1
2025-02-15 16:52:05 install python3-six:all <none> 1.12.0-1
2025-02-15 16:52:05 status half-installed python3-six:all 1.12.0-1
2025-02-15 16:52:05 status unpacked python3-six:all 1.12.0-1
2025-02-15 16:52:05 install python3-cryptography:i386 <none> 2.6.1-3+deb10u4
2025-02-15 16:52:05 status half-installed python3-cryptography:i386 2.6.1-3+deb10u4
2025-02-15 16:52:05 status unpacked python3-cryptography:i386 2.6.1-3+deb10u4
2025-02-15 16:52:05 install python3-dbus:i386 <none> 1.2.8-3
2025-02-15 16:52:05 status half-installed python3-dbus:i386 1.2.8-3
2025-02-15 16:52:05 status unpacked python3-dbus:i386 1.2.8-3
2025-02-15 16:52:05 install python3.7-dev:i386 <none> 3.7.3-2+deb10u7
2025-02-15 16:52:05 status half-installed python3.7-dev:i386 3.7.3-2+deb10u7
2025-02-15 16:52:05 status unpacked python3.7-dev:i386 3.7.3-2+deb10u7
2025-02-15 16:52:05 install python3-dev:i386 <none> 3.7.3-1
2025-02-15 16:52:05 status half-installed python3-dev:i386 3.7.3-1
2025-02-15 16:52:05 status unpacked python3-dev:i386 3.7.3-1
2025-02-15 16:52:05 install python3-entrypoints:all <none> 0.3-1
2025-02-15 16:52:05 status half-installed python3-entrypoints:all 0.3-1
2025-02-15 16:52:05 status unpacked python3-entrypoints:all 0.3-1
2025-02-15 16:52:05 install python3-gi:i386 <none> 3.30.4-1
2025-02-15 16:52:05 status half-installed python3-gi:i386 3.30.4-1
2025-02-15 16:52:05 status unpacked python3-gi:i386 3.30.4-1
2025-02-15 16:52:05 install python3-secretstorage:all <none> 2.3.1-2
2025-02-15 16:52:05 status half-installed python3-secretstorage:all 2.3.1-2
2025-02-15 16:52:05 status unpacked python3-secretstorage:all 2.3.1-2
2025-02-15 16:52:05 install python3-keyring:all <none> 17.1.1-1
2025-02-15 16:52:05 status half-installed python3-keyring:all 17.1.1-1
2025-02-15 16:52:05 status unpacked python3-keyring:all 17.1.1-1
2025-02-15 16:52:05 install python3-keyrings.alt:all <none> 3.1.1-1
2025-02-15 16:52:05 status half-installed python3-keyrings.alt:all 3.1.1-1
2025-02-15 16:52:05 status unpacked python3-keyrings.alt:all 3.1.1-1
2025-02-15 16:52:05 install python3-pip:all <none> 18.1-5
2025-02-15 16:52:05 status half-installed python3-pip:all 18.1-5
2025-02-15 16:52:05 status unpacked python3-pip:all 18.1-5
2025-02-15 16:52:06 install python3-pkg-resources:all <none> 40.8.0-1
2025-02-15 16:52:06 status half-installed python3-pkg-resources:all 40.8.0-1
2025-02-15 16:52:06 status unpacked python3-pkg-resources:all 40.8.0-1
2025-02-15 16:52:06 install python3-setuptools:all <none> 40.8.0-1
2025-02-15 16:52:06 status half-installed python3-setuptools:all 40.8.0-1
2025-02-15 16:52:06 status unpacked python3-setuptools:all 40.8.0-1
2025-02-15 16:52:06 install python3-wheel:all <none> 0.32.3-2
2025-02-15 16:52:06 status half-installed python3-wheel:all 0.32.3-2
2025-02-15 16:52:06 status unpacked python3-wheel:all 0.32.3-2
2025-02-15 16:52:06 install python3-xdg:all <none> 0.25-5
2025-02-15 16:52:06 status half-installed python3-xdg:all 0.25-5
2025-02-15 16:52:06 status unpacked python3-xdg:all 0.25-5
2025-02-15 16:52:06 install shared-mime-info:i386 <none> 1.10-1
2025-02-15 16:52:06 status half-installed shared-mime-info:i386 1.10-1
2025-02-15 16:52:06 status unpacked shared-mime-info:i386 1.10-1
2025-02-15 16:52:06 install xdg-user-dirs:i386 <none> 0.17-2
2025-02-15 16:52:06 status half-installed xdg-user-dirs:i386 0.17-2
2025-02-15 16:52:06 status unpacked xdg-user-dirs:i386 0.17-2
2025-02-15 16:52:06 startup packages configure
2025-02-15 16:52:06 configure perl-modules-5.28:all 5.28.1-6+deb10u1 <none>
2025-02-15 16:52:06 status unpacked perl-modules-5.28:all 5.28.1-6+deb10u1
2025-02-15 16:52:06 status half-configured perl-modules-5.28:all 5.28.1-6+deb10u1
2025-02-15 16:52:06 status installed perl-modules-5.28:all 5.28.1-6+deb10u1
2025-02-15 16:52:06 configure libksba8:i386 1.3.5-2+deb10u2 <none>
2025-02-15 16:52:06 status unpacked libksba8:i386 1.3.5-2+deb10u2
2025-02-15 16:52:06 status half-configured libksba8:i386 1.3.5-2+deb10u2
2025-02-15 16:52:06 status installed libksba8:i386 1.3.5-2+deb10u2
2025-02-15 16:52:06 configure lsb-base:all 10.2019051400 <none>
2025-02-15 16:52:06 status unpacked lsb-base:all 10.2019051400
2025-02-15 16:52:06 status half-configured lsb-base:all 10.2019051400
2025-02-15 16:52:06 status installed lsb-base:all 10.2019051400
2025-02-15 16:52:06 configure libapparmor1:i386 2.13.2-10 <none>
2025-02-15 16:52:06 status unpacked libapparmor1:i386 2.13.2-10
2025-02-15 16:52:06 status half-configured libapparmor1:i386 2.13.2-10
2025-02-15 16:52:06 status installed libapparmor1:i386 2.13.2-10
2025-02-15 16:52:06 configure mime-support:all 3.62 <none>
2025-02-15 16:52:06 status unpacked mime-support:all 3.62
2025-02-15 16:52:06 status half-configured mime-support:all 3.62
2025-02-15 16:52:06 status installed mime-support:all 3.62
2025-02-15 16:52:06 configure xdg-user-dirs:i386 0.17-2 <none>
2025-02-15 16:52:06 status unpacked xdg-user-dirs:i386 0.17-2
2025-02-15 16:52:06 status half-configured xdg-user-dirs:i386 0.17-2
2025-02-15 16:52:06 status installed xdg-user-dirs:i386 0.17-2
2025-02-15 16:52:06 configure libmagic-mgc:i386 1:5.35-4+deb10u2 <none>
2025-02-15 16:52:06 status unpacked libmagic-mgc:i386 1:5.35-4+deb10u2
2025-02-15 16:52:06 status half-configured libmagic-mgc:i386 1:5.35-4+deb10u2
2025-02-15 16:52:06 status installed libmagic-mgc:i386 1:5.35-4+deb10u2
2025-02-15 16:52:06 configure libglib2.0-0:i386 2.58.3-2+deb10u6 <none>
2025-02-15 16:52:06 status unpacked libglib2.0-0:i386 2.58.3-2+deb10u6
2025-02-15 16:52:06 status half-configured libglib2.0-0:i386 2.58.3-2+deb10u6
2025-02-15 16:52:06 status installed libglib2.0-0:i386 2.58.3-2+deb10u6
2025-02-15 16:52:06 configure manpages:all 4.16-2 <none>
2025-02-15 16:52:06 status unpacked manpages:all 4.16-2
2025-02-15 16:52:06 status half-configured manpages:all 4.16-2
2025-02-15 16:52:06 status installed manpages:all 4.16-2
2025-02-15 16:52:06 configure libsqlite3-0:i386 3.27.2-3+deb10u2 <none>
2025-02-15 16:52:06 status unpacked libsqlite3-0:i386 3.27.2-3+deb10u2
2025-02-15 16:52:06 status half-configured libsqlite3-0:i386 3.27.2-3+deb10u2
2025-02-15 16:52:06 status installed libsqlite3-0:i386 3.27.2-3+deb10u2
2025-02-15 16:52:06 configure libsasl2-modules:i386 2.1.27+dfsg-1+deb10u2 <none>
2025-02-15 16:52:06 status unpacked libsasl2-modules:i386 2.1.27+dfsg-1+deb10u2
2025-02-15 16:52:06 status half-configured libsasl2-modules:i386 2.1.27+dfsg-1+deb10u2
2025-02-15 16:52:06 status installed libsasl2-modules:i386 2.1.27+dfsg-1+deb10u2
2025-02-15 16:52:06 configure binutils-common:i386 2.31.1-16 <none>
2025-02-15 16:52:06 status unpacked binutils-common:i386 2.31.1-16
2025-02-15 16:52:06 status half-configured binutils-common:i386 2.31.1-16
2025-02-15 16:52:06 status installed binutils-common:i386 2.31.1-16
2025-02-15 16:52:06 configure libmagic1:i386 1:5.35-4+deb10u2 <none>
2025-02-15 16:52:06 status unpacked libmagic1:i386 1:5.35-4+deb10u2
2025-02-15 16:52:06 status half-configured libmagic1:i386 1:5.35-4+deb10u2
2025-02-15 16:52:06 status installed libmagic1:i386 1:5.35-4+deb10u2
2025-02-15 16:52:06 configure linux-libc-dev:i386 4.19.316-1 <none>
2025-02-15 16:52:06 status unpacked linux-libc-dev:i386 4.19.316-1
2025-02-15 16:52:06 status half-configured linux-libc-dev:i386 4.19.316-1
2025-02-15 16:52:06 status installed linux-libc-dev:i386 4.19.316-1
2025-02-15 16:52:06 configure libnpth0:i386 1.6-1 <none>
2025-02-15 16:52:06 status unpacked libnpth0:i386 1.6-1
2025-02-15 16:52:06 status half-configured libnpth0:i386 1.6-1
2025-02-15 16:52:06 status installed libnpth0:i386 1.6-1
2025-02-15 16:52:06 configure file:i386 1:5.35-4+deb10u2 <none>
2025-02-15 16:52:06 status unpacked file:i386 1:5.35-4+deb10u2
2025-02-15 16:52:06 status half-configured file:i386 1:5.35-4+deb10u2
2025-02-15 16:52:06 status installed file:i386 1:5.35-4+deb10u2
2025-02-15 16:52:06 configure libassuan0:i386 2.5.2-1 <none>
2025-02-15 16:52:06 status unpacked libassuan0:i386 2.5.2-1
2025-02-15 16:52:06 status half-configured libassuan0:i386 2.5.2-1
2025-02-15 16:52:06 status installed libassuan0:i386 2.5.2-1
2025-02-15 16:52:06 configure libgomp1:i386 8.3.0-6 <none>
2025-02-15 16:52:06 status unpacked libgomp1:i386 8.3.0-6
2025-02-15 16:52:06 status half-configured libgomp1:i386 8.3.0-6
2025-02-15 16:52:06 status installed libgomp1:i386 8.3.0-6
2025-02-15 16:52:06 configure bzip2:i386 1.0.6-9.2~deb10u2 <none>
2025-02-15 16:52:06 status unpacked bzip2:i386 1.0.6-9.2~deb10u2
2025-02-15 16:52:06 status half-configured bzip2:i386 1.0.6-9.2~deb10u2
2025-02-15 16:52:06 status installed bzip2:i386 1.0.6-9.2~deb10u2
2025-02-15 16:52:06 configure libldap-common:all 2.4.47+dfsg-3+deb10u7 <none>
2025-02-15 16:52:06 status unpacked libldap-common:all 2.4.47+dfsg-3+deb10u7
2025-02-15 16:52:06 status half-configured libldap-common:all 2.4.47+dfsg-3+deb10u7
2025-02-15 16:52:06 status installed libldap-common:all 2.4.47+dfsg-3+deb10u7
2025-02-15 16:52:06 configure libicu63:i386 63.1-6+deb10u3 <none>
2025-02-15 16:52:06 status unpacked libicu63:i386 63.1-6+deb10u3
2025-02-15 16:52:06 status half-configured libicu63:i386 63.1-6+deb10u3
2025-02-15 16:52:06 status installed libicu63:i386 63.1-6+deb10u3
2025-02-15 16:52:06 configure libfakeroot:i386 1.23-1 <none>
2025-02-15 16:52:06 status unpacked libfakeroot:i386 1.23-1
2025-02-15 16:52:06 status half-configured libfakeroot:i386 1.23-1
2025-02-15 16:52:06 status installed libfakeroot:i386 1.23-1
2025-02-15 16:52:06 configure libsasl2-modules-db:i386 2.1.27+dfsg-1+deb10u2 <none>
2025-02-15 16:52:06 status unpacked libsasl2-modules-db:i386 2.1.27+dfsg-1+deb10u2
2025-02-15 16:52:06 status half-configured libsasl2-modules-db:i386 2.1.27+dfsg-1+deb10u2
2025-02-15 16:52:06 status installed libsasl2-modules-db:i386 2.1.27+dfsg-1+deb10u2
2025-02-15 16:52:06 configure fakeroot:i386 1.23-1 <none>
2025-02-15 16:52:06 status unpacked fakeroot:i386 1.23-1
2025-02-15 16:52:06 status half-configured fakeroot:i386 1.23-1
2025-02-15 16:52:06 status installed fakeroot:i386 1.23-1
2025-02-15 16:52:06 configure libasan5:i386 8.3.0-6 <none>
2025-02-15 16:52:06 status unpacked libasan5:i386 8.3.0-6
2025-02-15 16:52:06 status half-configured libasan5:i386 8.3.0-6
2025-02-15 16:52:06 status installed libasan5:i386 8.3.0-6
2025-02-15 16:52:06 configure libglib2.0-data:all 2.58.3-2+deb10u6 <none>
2025-02-15 16:52:06 status unpacked libglib2.0-data:all 2.58.3-2+deb10u6
2025-02-15 16:52:06 status half-configured libglib2.0-data:all 2.58.3-2+deb10u6
2025-02-15 16:52:06 status installed libglib2.0-data:all 2.58.3-2+deb10u6
2025-02-15 16:52:06 configure make:i386 4.2.1-1.2 <none>
2025-02-15 16:52:06 status unpacked make:i386 4.2.1-1.2
2025-02-15 16:52:06 status half-configured make:i386 4.2.1-1.2
2025-02-15 16:52:06 status installed make:i386 4.2.1-1.2
2025-02-15 16:52:06 configure libmpfr6:i386 4.0.2-1 <none>
2025-02-15 16:52:06 status unpacked libmpfr6:i386 4.0.2-1
2025-02-15 16:52:06 status half-configured libmpfr6:i386 4.0.2-1
2025-02-15 16:52:06 status installed libmpfr6:i386 4.0.2-1
2025-02-15 16:52:06 configure gnupg-l10n:all 2.2.12-1+deb10u2 <none>
2025-02-15 16:52:06 status unpacked gnupg-l10n:all 2.2.12-1+deb10u2
2025-02-15 16:52:06 status half-configured gnupg-l10n:all 2.2.12-1+deb10u2
2025-02-15 16:52:06 status installed gnupg-l10n:all 2.2.12-1+deb10u2
2025-02-15 16:52:06 configure libdbus-1-3:i386 1.12.28-0+deb10u1 <none>
2025-02-15 16:52:06 status unpacked libdbus-1-3:i386 1.12.28-0+deb10u1
2025-02-15 16:52:06 status half-configured libdbus-1-3:i386 1.12.28-0+deb10u1
2025-02-15 16:52:06 status installed libdbus-1-3:i386 1.12.28-0+deb10u1
2025-02-15 16:52:06 configure dbus:i386 1.12.28-0+deb10u1 <none>
2025-02-15 16:52:06 status unpacked dbus:i386 1.12.28-0+deb10u1
2025-02-15 16:52:06 status half-configured dbus:i386 1.12.28-0+deb10u1
2025-02-15 16:52:06 status installed dbus:i386 1.12.28-0+deb10u1
2025-02-15 16:52:06 configure xz-utils:i386 5.2.4-1+deb10u1 <none>
2025-02-15 16:52:06 status unpacked xz-utils:i386 5.2.4-1+deb10u1
2025-02-15 16:52:06 status half-configured xz-utils:i386 5.2.4-1+deb10u1
2025-02-15 16:52:06 status installed xz-utils:i386 5.2.4-1+deb10u1
2025-02-15 16:52:06 configure libquadmath0:i386 8.3.0-6 <none>
2025-02-15 16:52:06 status unpacked libquadmath0:i386 8.3.0-6
2025-02-15 16:52:06 status half-configured libquadmath0:i386 8.3.0-6
2025-02-15 16:52:06 status installed libquadmath0:i386 8.3.0-6
2025-02-15 16:52:06 configure libmpc3:i386 1.1.0-1 <none>
2025-02-15 16:52:06 status unpacked libmpc3:i386 1.1.0-1
2025-02-15 16:52:06 status half-configured libmpc3:i386 1.1.0-1
2025-02-15 16:52:06 status installed libmpc3:i386 1.1.0-1
2025-02-15 16:52:06 configure libatomic1:i386 8.3.0-6 <none>
2025-02-15 16:52:06 status unpacked libatomic1:i386 8.3.0-6
2025-02-15 16:52:06 status half-configured libatomic1:i386 8.3.0-6
2025-02-15 16:52:06 status installed libatomic1:i386 8.3.0-6
2025-02-15 16:52:06 configure patch:i386 2.7.6-3+deb10u1 <none>
2025-02-15 16:52:06 status unpacked patch:i386 2.7.6-3+deb10u1
2025-02-15 16:52:06 status half-configured patch:i386 2.7.6-3+deb10u1
2025-02-15 16:52:06 status installed patch:i386 2.7.6-3+deb10u1
2025-02-15 16:52:06 configure libsasl2-2:i386 2.1.27+dfsg-1+deb10u2 <none>
2025-02-15 16:52:06 status unpacked libsasl2-2:i386 2.1.27+dfsg-1+deb10u2
2025-02-15 16:52:06 status half-configured libsasl2-2:i386 2.1.27+dfsg-1+deb10u2
2025-02-15 16:52:06 status installed libsasl2-2:i386 2.1.27+dfsg-1+deb10u2
2025-02-15 16:52:06 configure libmpx2:i386 8.3.0-6 <none>
2025-02-15 16:52:06 status unpacked libmpx2:i386 8.3.0-6
2025-02-15 16:52:06 status half-configured libmpx2:i386 8.3.0-6
2025-02-15 16:52:06 status installed libmpx2:i386 8.3.0-6
2025-02-15 16:52:06 configure libubsan1:i386 8.3.0-6 <none>
2025-02-15 16:52:06 status unpacked libubsan1:i386 8.3.0-6
2025-02-15 16:52:06 status half-configured libubsan1:i386 8.3.0-6
2025-02-15 16:52:06 status installed libubsan1:i386 8.3.0-6
2025-02-15 16:52:06 configure libisl19:i386 0.20-2 <none>
2025-02-15 16:52:06 status unpacked libisl19:i386 0.20-2
2025-02-15 16:52:06 status half-configured libisl19:i386 0.20-2
2025-02-15 16:52:06 status installed libisl19:i386 0.20-2
2025-02-15 16:52:06 configure libgirepository-1.0-1:i386 1.58.3-2 <none>
2025-02-15 16:52:06 status unpacked libgirepository-1.0-1:i386 1.58.3-2
2025-02-15 16:52:06 status half-configured libgirepository-1.0-1:i386 1.58.3-2
2025-02-15 16:52:06 status installed libgirepository-1.0-1:i386 1.58.3-2
2025-02-15 16:52:06 configure netbase:all 5.6 <none>
2025-02-15 16:52:06 status unpacked netbase:all 5.6
2025-02-15 16:52:06 status half-configured netbase:all 5.6
2025-02-15 16:52:06 status installed netbase:all 5.6
2025-02-15 16:52:06 configure libmpdec2:i386 2.4.2-2 <none>
2025-02-15 16:52:06 status unpacked libmpdec2:i386 2.4.2-2
2025-02-15 16:52:06 status half-configured libmpdec2:i386 2.4.2-2
2025-02-15 16:52:06 status installed libmpdec2:i386 2.4.2-2
2025-02-15 16:52:06 configure libbinutils:i386 2.31.1-16 <none>
2025-02-15 16:52:06 status unpacked libbinutils:i386 2.31.1-16
2025-02-15 16:52:06 status half-configured libbinutils:i386 2.31.1-16
2025-02-15 16:52:06 status installed libbinutils:i386 2.31.1-16
2025-02-15 16:52:06 configure cpp-8:i386 8.3.0-6 <none>
2025-02-15 16:52:06 status unpacked cpp-8:i386 8.3.0-6
2025-02-15 16:52:06 status half-configured cpp-8:i386 8.3.0-6
2025-02-15 16:52:06 status installed cpp-8:i386 8.3.0-6
2025-02-15 16:52:06 configure libc-dev-bin:i386 2.28-10+deb10u4 <none>
2025-02-15 16:52:06 status unpacked libc-dev-bin:i386 2.28-10+deb10u4
2025-02-15 16:52:06 status half-configured libc-dev-bin:i386 2.28-10+deb10u4
2025-02-15 16:52:06 status installed libc-dev-bin:i386 2.28-10+deb10u4
2025-02-15 16:52:06 configure openssl:i386 1.1.1n-0+deb10u6 <none>
2025-02-15 16:52:06 status unpacked openssl:i386 1.1.1n-0+deb10u6
2025-02-15 16:52:06 status half-configured openssl:i386 1.1.1n-0+deb10u6
2025-02-15 16:52:06 status installed openssl:i386 1.1.1n-0+deb10u6
2025-02-15 16:52:06 configure readline-common:all 7.0-5 <none>
2025-02-15 16:52:06 status unpacked readline-common:all 7.0-5
2025-02-15 16:52:06 status half-configured readline-common:all 7.0-5
2025-02-15 16:52:06 status installed readline-common:all 7.0-5
2025-02-15 16:52:06 configure libxml2:i386 2.9.4+dfsg1-7+deb10u6 <none>
2025-02-15 16:52:06 status unpacked libxml2:i386 2.9.4+dfsg1-7+deb10u6
2025-02-15 16:52:06 status half-configured libxml2:i386 2.9.4+dfsg1-7+deb10u6
2025-02-15 16:52:06 status installed libxml2:i386 2.9.4+dfsg1-7+deb10u6
2025-02-15 16:52:06 configure libcc1-0:i386 8.3.0-6 <none>
2025-02-15 16:52:06 status unpacked libcc1-0:i386 8.3.0-6
2025-02-15 16:52:06 status half-configured libcc1-0:i386 8.3.0-6
2025-02-15 16:52:06 status installed libcc1-0:i386 8.3.0-6
2025-02-15 16:52:06 configure liblocale-gettext-perl:i386 1.07-3+b4 <none>
2025-02-15 16:52:06 status unpacked liblocale-gettext-perl:i386 1.07-3+b4
2025-02-15 16:52:06 status half-configured liblocale-gettext-perl:i386 1.07-3+b4
2025-02-15 16:52:06 status installed liblocale-gettext-perl:i386 1.07-3+b4
2025-02-15 16:52:06 configure libitm1:i386 8.3.0-6 <none>
2025-02-15 16:52:06 status unpacked libitm1:i386 8.3.0-6
2025-02-15 16:52:06 status half-configured libitm1:i386 8.3.0-6
2025-02-15 16:52:06 status installed libitm1:i386 8.3.0-6
2025-02-15 16:52:06 configure libreadline7:i386 7.0-5 <none>
2025-02-15 16:52:06 status unpacked libreadline7:i386 7.0-5
2025-02-15 16:52:06 status half-configured libreadline7:i386 7.0-5
2025-02-15 16:52:06 status installed libreadline7:i386 7.0-5
2025-02-15 16:52:06 configure libgdbm6:i386 1.18.1-4 <none>
2025-02-15 16:52:06 status unpacked libgdbm6:i386 1.18.1-4
2025-02-15 16:52:06 status half-configured libgdbm6:i386 1.18.1-4
2025-02-15 16:52:06 status installed libgdbm6:i386 1.18.1-4
2025-02-15 16:52:06 configure gnupg-utils:i386 2.2.12-1+deb10u2 <none>
2025-02-15 16:52:06 status unpacked gnupg-utils:i386 2.2.12-1+deb10u2
2025-02-15 16:52:06 status half-configured gnupg-utils:i386 2.2.12-1+deb10u2
2025-02-15 16:52:06 status installed gnupg-utils:i386 2.2.12-1+deb10u2
2025-02-15 16:52:06 configure pinentry-curses:i386 1.1.0-2 <none>
2025-02-15 16:52:06 status unpacked pinentry-curses:i386 1.1.0-2
2025-02-15 16:52:06 status half-configured pinentry-curses:i386 1.1.0-2
2025-02-15 16:52:06 status installed pinentry-curses:i386 1.1.0-2
2025-02-15 16:52:06 configure manpages-dev:all 4.16-2 <none>
2025-02-15 16:52:06 status unpacked manpages-dev:all 4.16-2
2025-02-15 16:52:06 status half-configured manpages-dev:all 4.16-2
2025-02-15 16:52:06 status installed manpages-dev:all 4.16-2
2025-02-15 16:52:06 configure libpython3.7-stdlib:i386 3.7.3-2+deb10u7 <none>
2025-02-15 16:52:06 status unpacked libpython3.7-stdlib:i386 3.7.3-2+deb10u7
2025-02-15 16:52:06 status half-configured libpython3.7-stdlib:i386 3.7.3-2+deb10u7
2025-02-15 16:52:06 status installed libpython3.7-stdlib:i386 3.7.3-2+deb10u7
2025-02-15 16:52:06 configure libpython3.7:i386 3.7.3-2+deb10u7 <none>
2025-02-15 16:52:06 status unpacked libpython3.7:i386 3.7.3-2+deb10u7
2025-02-15 16:52:06 status half-configured libpython3.7:i386 3.7.3-2+deb10u7
2025-02-15 16:52:06 status installed libpython3.7:i386 3.7.3-2+deb10u7
2025-02-15 16:52:06 configure binutils-i686-linux-gnu:i386 2.31.1-16 <none>
2025-02-15 16:52:06 status unpacked binutils-i686-linux-gnu:i386 2.31.1-16
2025-02-15 16:52:06 status half-configured binutils-i686-linux-gnu:i386 2.31.1-16
2025-02-15 16:52:06 status installed binutils-i686-linux-gnu:i386 2.31.1-16
2025-02-15 16:52:06 configure libldap-2.4-2:i386 2.4.47+dfsg-3+deb10u7 <none>
2025-02-15 16:52:06 status unpacked libldap-2.4-2:i386 2.4.47+dfsg-3+deb10u7
2025-02-15 16:52:06 status half-configured libldap-2.4-2:i386 2.4.47+dfsg-3+deb10u7
2025-02-15 16:52:06 status installed libldap-2.4-2:i386 2.4.47+dfsg-3+deb10u7
2025-02-15 16:52:06 configure binutils:i386 2.31.1-16 <none>
2025-02-15 16:52:06 status unpacked binutils:i386 2.31.1-16
2025-02-15 16:52:06 status half-configured binutils:i386 2.31.1-16
2025-02-15 16:52:06 status installed binutils:i386 2.31.1-16
2025-02-15 16:52:06 configure ca-certificates:all 20200601~deb10u2 <none>
2025-02-15 16:52:06 status unpacked ca-certificates:all 20200601~deb10u2
2025-02-15 16:52:06 status half-configured ca-certificates:all 20200601~deb10u2
2025-02-15 16:52:07 status installed ca-certificates:all 20200601~deb10u2
2025-02-15 16:52:07 status triggers-pending ca-certificates:all 20200601~deb10u2
2025-02-15 16:52:07 configure shared-mime-info:i386 1.10-1 <none>
2025-02-15 16:52:07 status unpacked shared-mime-info:i386 1.10-1
2025-02-15 16:52:07 status half-configured shared-mime-info:i386 1.10-1
2025-02-15 16:52:07 status installed shared-mime-info:i386 1.10-1
2025-02-15 16:52:07 configure libgdbm-compat4:i386 1.18.1-4 <none>
2025-02-15 16:52:07 status unpacked libgdbm-compat4:i386 1.18.1-4
2025-02-15 16:52:07 status half-configured libgdbm-compat4:i386 1.18.1-4
2025-02-15 16:52:07 status installed libgdbm-compat4:i386 1.18.1-4
2025-02-15 16:52:07 configure gir1.2-glib-2.0:i386 1.58.3-2 <none>
2025-02-15 16:52:07 status unpacked gir1.2-glib-2.0:i386 1.58.3-2
2025-02-15 16:52:07 status half-configured gir1.2-glib-2.0:i386 1.58.3-2
2025-02-15 16:52:07 status installed gir1.2-glib-2.0:i386 1.58.3-2
2025-02-15 16:52:07 configure libgcc-8-dev:i386 8.3.0-6 <none>
2025-02-15 16:52:07 status unpacked libgcc-8-dev:i386 8.3.0-6
2025-02-15 16:52:07 status half-configured libgcc-8-dev:i386 8.3.0-6
2025-02-15 16:52:07 status installed libgcc-8-dev:i386 8.3.0-6
2025-02-15 16:52:07 configure libperl5.28:i386 5.28.1-6+deb10u1 <none>
2025-02-15 16:52:07 status unpacked libperl5.28:i386 5.28.1-6+deb10u1
2025-02-15 16:52:07 status half-configured libperl5.28:i386 5.28.1-6+deb10u1
2025-02-15 16:52:07 status installed libperl5.28:i386 5.28.1-6+deb10u1
2025-02-15 16:52:07 configure cpp:i386 4:8.3.0-1 <none>
2025-02-15 16:52:07 status unpacked cpp:i386 4:8.3.0-1
2025-02-15 16:52:07 status half-configured cpp:i386 4:8.3.0-1
2025-02-15 16:52:07 status installed cpp:i386 4:8.3.0-1
2025-02-15 16:52:07 configure gpgconf:i386 2.2.12-1+deb10u2 <none>
2025-02-15 16:52:07 status unpacked gpgconf:i386 2.2.12-1+deb10u2
2025-02-15 16:52:07 status half-configured gpgconf:i386 2.2.12-1+deb10u2
2025-02-15 16:52:07 status installed gpgconf:i386 2.2.12-1+deb10u2
2025-02-15 16:52:07 configure libc6-dev:i386 2.28-10+deb10u4 <none>
2025-02-15 16:52:07 status unpacked libc6-dev:i386 2.28-10+deb10u4
2025-02-15 16:52:07 status half-configured libc6-dev:i386 2.28-10+deb10u4
2025-02-15 16:52:07 status installed libc6-dev:i386 2.28-10+deb10u4
2025-02-15 16:52:07 configure python-pip-whl:all 18.1-5 <none>
2025-02-15 16:52:07 status unpacked python-pip-whl:all 18.1-5
2025-02-15 16:52:07 status half-configured python-pip-whl:all 18.1-5
2025-02-15 16:52:07 status installed python-pip-whl:all 18.1-5
2025-02-15 16:52:07 configure gpg:i386 2.2.12-1+deb10u2 <none>
2025-02-15 16:52:07 status unpacked gpg:i386 2.2.12-1+deb10u2
2025-02-15 16:52:07 status half-configured gpg:i386 2.2.12-1+deb10u2
2025-02-15 16:52:07 status installed gpg:i386 2.2.12-1+deb10u2
2025-02-15 16:52:07 configure libpython3-stdlib:i386 3.7.3-1 <none>
2025-02-15 16:52:07 status unpacked libpython3-stdlib:i386 3.7.3-1
2025-02-15 16:52:07 status half-configured libpython3-stdlib:i386 3.7.3-1
2025-02-15 16:52:07 status installed libpython3-stdlib:i386 3.7.3-1
2025-02-15 16:52:07 configure libstdc++-8-dev:i386 8.3.0-6 <none>
2025-02-15 16:52:07 status unpacked libstdc++-8-dev:i386 8.3.0-6
2025-02-15 16:52:07 status half-configured libstdc++-8-dev:i386 8.3.0-6
2025-02-15 16:52:07 status installed libstdc++-8-dev:i386 8.3.0-6
2025-02-15 16:52:07 configure python3.7:i386 3.7.3-2+deb10u7 <none>
2025-02-15 16:52:07 status unpacked python3.7:i386 3.7.3-2+deb10u7
2025-02-15 16:52:07 status half-configured python3.7:i386 3.7.3-2+deb10u7
2025-02-15 16:52:08 status installed python3.7:i386 3.7.3-2+deb10u7
2025-02-15 16:52:08 configure gcc-8:i386 8.3.0-6 <none>
2025-02-15 16:52:08 status unpacked gcc-8:i386 8.3.0-6
2025-02-15 16:52:08 status half-configured gcc-8:i386 8.3.0-6
2025-02-15 16:52:08 status installed gcc-8:i386 8.3.0-6
2025-02-15 16:52:08 configure gpg-agent:i386 2.2.12-1+deb10u2 <none>
2025-02-15 16:52:08 status unpacked gpg-agent:i386 2.2.12-1+deb10u2
2025-02-15 16:52:08 status half-configured gpg-agent:i386 2.2.12-1+deb10u2
2025-02-15 16:52:08 status installed gpg-agent:i386 2.2.12-1+deb10u2
2025-02-15 16:52:08 configure gpgsm:i386 2.2.12-1+deb10u2 <none>
2025-02-15 16:52:08 status unpacked gpgsm:i386 2.2.12-1+deb10u2
2025-02-15 16:52:08 status half-configured gpgsm:i386 2.2.12-1+deb10u2
2025-02-15 16:52:08 status installed gpgsm:i386 2.2.12-1+deb10u2
2025-02-15 16:52:08 configure python3:i386 3.7.3-1 <none>
2025-02-15 16:52:08 status unpacked python3:i386 3.7.3-1
2025-02-15 16:52:08 status half-configured python3:i386 3.7.3-1
2025-02-15 16:52:08 status installed python3:i386 3.7.3-1
2025-02-15 16:52:08 configure python3-xdg:all 0.25-5 <none>
2025-02-15 16:52:08 status unpacked python3-xdg:all 0.25-5
2025-02-15 16:52:08 status half-configured python3-xdg:all 0.25-5
2025-02-15 16:52:08 status installed python3-xdg:all 0.25-5
2025-02-15 16:52:08 configure python3-wheel:all 0.32.3-2 <none>
2025-02-15 16:52:08 status unpacked python3-wheel:all 0.32.3-2
2025-02-15 16:52:08 status half-configured python3-wheel:all 0.32.3-2
2025-02-15 16:52:08 status installed python3-wheel:all 0.32.3-2
2025-02-15 16:52:08 configure gcc:i386 4:8.3.0-1 <none>
2025-02-15 16:52:08 status unpacked gcc:i386 4:8.3.0-1
2025-02-15 16:52:08 status half-configured gcc:i386 4:8.3.0-1
2025-02-15 16:52:08 status installed gcc:i386 4:8.3.0-1
2025-02-15 16:52:08 configure python3-six:all 1.12.0-1 <none>
2025-02-15 16:52:08 status unpacked python3-six:all 1.12.0-1
2025-02-15 16:52:08 status half-configured python3-six:all 1.12.0-1
2025-02-15 16:52:08 status installed python3-six:all 1.12.0-1
2025-02-15 16:52:08 configure dirmngr:i386 2.2.12-1+deb10u2 <none>
2025-02-15 16:52:08 status unpacked dirmngr:i386 2.2.12-1+deb10u2
2025-02-15 16:52:08 status half-configured dirmngr:i386 2.2.12-1+deb10u2
2025-02-15 16:52:08 status installed dirmngr:i386 2.2.12-1+deb10u2
2025-02-15 16:52:08 configure perl:i386 5.28.1-6+deb10u1 <none>
2025-02-15 16:52:08 status unpacked perl:i386 5.28.1-6+deb10u1
2025-02-15 16:52:08 status half-configured perl:i386 5.28.1-6+deb10u1
2025-02-15 16:52:08 status installed perl:i386 5.28.1-6+deb10u1
2025-02-15 16:52:08 configure libexpat1-dev:i386 2.2.6-2+deb10u7 <none>
2025-02-15 16:52:08 status unpacked libexpat1-dev:i386 2.2.6-2+deb10u7
2025-02-15 16:52:08 status half-configured libexpat1-dev:i386 2.2.6-2+deb10u7
2025-02-15 16:52:08 status installed libexpat1-dev:i386 2.2.6-2+deb10u7
2025-02-15 16:52:08 configure python3-gi:i386 3.30.4-1 <none>
2025-02-15 16:52:08 status unpacked python3-gi:i386 3.30.4-1
2025-02-15 16:52:08 status half-configured python3-gi:i386 3.30.4-1
2025-02-15 16:52:08 status installed python3-gi:i386 3.30.4-1
2025-02-15 16:52:08 configure libdpkg-perl:all 1.19.8 <none>
2025-02-15 16:52:08 status unpacked libdpkg-perl:all 1.19.8
2025-02-15 16:52:08 status half-configured libdpkg-perl:all 1.19.8
2025-02-15 16:52:08 status installed libdpkg-perl:all 1.19.8
2025-02-15 16:52:08 configure gpg-wks-server:i386 2.2.12-1+deb10u2 <none>
2025-02-15 16:52:08 status unpacked gpg-wks-server:i386 2.2.12-1+deb10u2
2025-02-15 16:52:08 status half-configured gpg-wks-server:i386 2.2.12-1+deb10u2
2025-02-15 16:52:08 status installed gpg-wks-server:i386 2.2.12-1+deb10u2
2025-02-15 16:52:08 configure g++-8:i386 8.3.0-6 <none>
2025-02-15 16:52:08 status unpacked g++-8:i386 8.3.0-6
2025-02-15 16:52:08 status half-configured g++-8:i386 8.3.0-6
2025-02-15 16:52:08 status installed g++-8:i386 8.3.0-6
2025-02-15 16:52:08 configure python3-crypto:i386 2.6.1-9+b1 <none>
2025-02-15 16:52:08 status unpacked python3-crypto:i386 2.6.1-9+b1
2025-02-15 16:52:08 status half-configured python3-crypto:i386 2.6.1-9+b1
2025-02-15 16:52:09 status installed python3-crypto:i386 2.6.1-9+b1
2025-02-15 16:52:09 configure python3-lib2to3:all 3.7.3-1 <none>
2025-02-15 16:52:09 status unpacked python3-lib2to3:all 3.7.3-1
2025-02-15 16:52:09 status half-configured python3-lib2to3:all 3.7.3-1
2025-02-15 16:52:09 status installed python3-lib2to3:all 3.7.3-1
2025-02-15 16:52:09 configure python3-asn1crypto:all 0.24.0-1 <none>
2025-02-15 16:52:09 status unpacked python3-asn1crypto:all 0.24.0-1
2025-02-15 16:52:09 status half-configured python3-asn1crypto:all 0.24.0-1
2025-02-15 16:52:09 status installed python3-asn1crypto:all 0.24.0-1
2025-02-15 16:52:09 configure python3-cffi-backend:i386 1.12.2-1 <none>
2025-02-15 16:52:09 status unpacked python3-cffi-backend:i386 1.12.2-1
2025-02-15 16:52:09 status half-configured python3-cffi-backend:i386 1.12.2-1
2025-02-15 16:52:09 status installed python3-cffi-backend:i386 1.12.2-1
2025-02-15 16:52:09 configure python3-pkg-resources:all 40.8.0-1 <none>
2025-02-15 16:52:09 status unpacked python3-pkg-resources:all 40.8.0-1
2025-02-15 16:52:09 status half-configured python3-pkg-resources:all 40.8.0-1
2025-02-15 16:52:09 status installed python3-pkg-resources:all 40.8.0-1
2025-02-15 16:52:09 configure python3-entrypoints:all 0.3-1 <none>
2025-02-15 16:52:09 status unpacked python3-entrypoints:all 0.3-1
2025-02-15 16:52:09 status half-configured python3-entrypoints:all 0.3-1
2025-02-15 16:52:09 status installed python3-entrypoints:all 0.3-1
2025-02-15 16:52:09 configure python3-distutils:all 3.7.3-1 <none>
2025-02-15 16:52:09 status unpacked python3-distutils:all 3.7.3-1
2025-02-15 16:52:09 status half-configured python3-distutils:all 3.7.3-1
2025-02-15 16:52:09 status installed python3-distutils:all 3.7.3-1
2025-02-15 16:52:09 configure dh-python:all 3.20190308 <none>
2025-02-15 16:52:09 status unpacked dh-python:all 3.20190308
2025-02-15 16:52:09 status half-configured dh-python:all 3.20190308
2025-02-15 16:52:09 status installed dh-python:all 3.20190308
2025-02-15 16:52:09 configure python3-dbus:i386 1.2.8-3 <none>
2025-02-15 16:52:09 status unpacked python3-dbus:i386 1.2.8-3
2025-02-15 16:52:09 status half-configured python3-dbus:i386 1.2.8-3
2025-02-15 16:52:09 status installed python3-dbus:i386 1.2.8-3
2025-02-15 16:52:09 configure python3-setuptools:all 40.8.0-1 <none>
2025-02-15 16:52:09 status unpacked python3-setuptools:all 40.8.0-1
2025-02-15 16:52:09 status half-configured python3-setuptools:all 40.8.0-1
2025-02-15 16:52:10 status installed python3-setuptools:all 40.8.0-1
2025-02-15 16:52:10 configure gpg-wks-client:i386 2.2.12-1+deb10u2 <none>
2025-02-15 16:52:10 status unpacked gpg-wks-client:i386 2.2.12-1+deb10u2
2025-02-15 16:52:10 status half-configured gpg-wks-client:i386 2.2.12-1+deb10u2
2025-02-15 16:52:10 status installed gpg-wks-client:i386 2.2.12-1+deb10u2
2025-02-15 16:52:10 configure libfile-fcntllock-perl:i386 0.22-3+b5 <none>
2025-02-15 16:52:10 status unpacked libfile-fcntllock-perl:i386 0.22-3+b5
2025-02-15 16:52:10 status half-configured libfile-fcntllock-perl:i386 0.22-3+b5
2025-02-15 16:52:10 status installed libfile-fcntllock-perl:i386 0.22-3+b5
2025-02-15 16:52:10 configure libalgorithm-diff-perl:all 1.19.03-2 <none>
2025-02-15 16:52:10 status unpacked libalgorithm-diff-perl:all 1.19.03-2
2025-02-15 16:52:10 status half-configured libalgorithm-diff-perl:all 1.19.03-2
2025-02-15 16:52:10 status installed libalgorithm-diff-perl:all 1.19.03-2
2025-02-15 16:52:10 configure libpython3.7-dev:i386 3.7.3-2+deb10u7 <none>
2025-02-15 16:52:10 status unpacked libpython3.7-dev:i386 3.7.3-2+deb10u7
2025-02-15 16:52:10 status half-configured libpython3.7-dev:i386 3.7.3-2+deb10u7
2025-02-15 16:52:10 status installed libpython3.7-dev:i386 3.7.3-2+deb10u7
2025-02-15 16:52:10 configure python3.7-dev:i386 3.7.3-2+deb10u7 <none>
2025-02-15 16:52:10 status unpacked python3.7-dev:i386 3.7.3-2+deb10u7
2025-02-15 16:52:10 status half-configured python3.7-dev:i386 3.7.3-2+deb10u7
2025-02-15 16:52:10 status installed python3.7-dev:i386 3.7.3-2+deb10u7
2025-02-15 16:52:10 configure dpkg-dev:all 1.19.8 <none>
2025-02-15 16:52:10 status unpacked dpkg-dev:all 1.19.8
2025-02-15 16:52:10 status half-configured dpkg-dev:all 1.19.8
2025-02-15 16:52:10 status installed dpkg-dev:all 1.19.8
2025-02-15 16:52:10 configure python3-cryptography:i386 2.6.1-3+deb10u4 <none>
2025-02-15 16:52:10 status unpacked python3-cryptography:i386 2.6.1-3+deb10u4
2025-02-15 16:52:10 status half-configured python3-cryptography:i386 2.6.1-3+deb10u4
2025-02-15 16:52:10 status installed python3-cryptography:i386 2.6.1-3+deb10u4
2025-02-15 16:52:10 configure python3-pip:all 18.1-5 <none>
2025-02-15 16:52:10 status unpacked python3-pip:all 18.1-5
2025-02-15 16:52:10 status half-configured python3-pip:all 18.1-5
2025-02-15 16:52:10 status installed python3-pip:all 18.1-5
2025-02-15 16:52:10 configure g++:i386 4:8.3.0-1 <none>
2025-02-15 16:52:10 status unpacked g++:i386 4:8.3.0-1
2025-02-15 16:52:10 status half-configured g++:i386 4:8.3.0-1
2025-02-15 16:52:10 status installed g++:i386 4:8.3.0-1
2025-02-15 16:52:10 configure python3-keyrings.alt:all 3.1.1-1 <none>
2025-02-15 16:52:10 status unpacked python3-keyrings.alt:all 3.1.1-1
2025-02-15 16:52:10 status half-configured python3-keyrings.alt:all 3.1.1-1
2025-02-15 16:52:10 status installed python3-keyrings.alt:all 3.1.1-1
2025-02-15 16:52:10 configure gnupg:all 2.2.12-1+deb10u2 <none>
2025-02-15 16:52:10 status unpacked gnupg:all 2.2.12-1+deb10u2
2025-02-15 16:52:10 status half-configured gnupg:all 2.2.12-1+deb10u2
2025-02-15 16:52:10 status installed gnupg:all 2.2.12-1+deb10u2
2025-02-15 16:52:10 configure build-essential:i386 12.6 <none>
2025-02-15 16:52:10 status unpacked build-essential:i386 12.6
2025-02-15 16:52:10 status half-configured build-essential:i386 12.6
2025-02-15 16:52:10 status installed build-essential:i386 12.6
2025-02-15 16:52:10 configure libalgorithm-diff-xs-perl:i386 0.04-5+b1 <none>
2025-02-15 16:52:10 status unpacked libalgorithm-diff-xs-perl:i386 0.04-5+b1
2025-02-15 16:52:10 status half-configured libalgorithm-diff-xs-perl:i386 0.04-5+b1
2025-02-15 16:52:10 status installed libalgorithm-diff-xs-perl:i386 0.04-5+b1
2025-02-15 16:52:10 configure libalgorithm-merge-perl:all 0.08-3 <none>
2025-02-15 16:52:10 status unpacked libalgorithm-merge-perl:all 0.08-3
2025-02-15 16:52:10 status half-configured libalgorithm-merge-perl:all 0.08-3
2025-02-15 16:52:10 status installed libalgorithm-merge-perl:all 0.08-3
2025-02-15 16:52:10 configure libpython3-dev:i386 3.7.3-1 <none>
2025-02-15 16:52:10 status unpacked libpython3-dev:i386 3.7.3-1
2025-02-15 16:52:10 status half-configured libpython3-dev:i386 3.7.3-1
2025-02-15 16:52:10 status installed libpython3-dev:i386 3.7.3-1
2025-02-15 16:52:10 configure python3-secretstorage:all 2.3.1-2 <none>
2025-02-15 16:52:10 status unpacked python3-secretstorage:all 2.3.1-2
2025-02-15 16:52:10 status half-configured python3-secretstorage:all 2.3.1-2
2025-02-15 16:52:10 status installed python3-secretstorage:all 2.3.1-2
2025-02-15 16:52:10 configure python3-dev:i386 3.7.3-1 <none>
2025-02-15 16:52:10 status unpacked python3-dev:i386 3.7.3-1
2025-02-15 16:52:10 status half-configured python3-dev:i386 3.7.3-1
2025-02-15 16:52:10 status installed python3-dev:i386 3.7.3-1
2025-02-15 16:52:10 configure python3-keyring:all 17.1.1-1 <none>
2025-02-15 16:52:10 status unpacked python3-keyring:all 17.1.1-1
2025-02-15 16:52:10 status half-configured python3-keyring:all 17.1.1-1
2025-02-15 16:52:10 status installed python3-keyring:all 17.1.1-1
2025-02-15 16:52:10 trigproc libc-bin:i386 2.28-10+deb10u3 <none>
2025-02-15 16:52:10 status half-configured libc-bin:i386 2.28-10+deb10u3
2025-02-15 16:52:10 status installed libc-bin:i386 2.28-10+deb10u3
2025-02-15 16:52:10 trigproc ca-certificates:all 20200601~deb10u2 <none>
2025-02-15 16:52:10 status half-configured ca-certificates:all 20200601~deb10u2
2025-02-15 16:52:11 status installed ca-certificates:all 20200601~deb10u2
